$ ./util.exe -report -include hn
&{0x12c36180 B164F78 21042840G01 V05 B164F78022713AA 60}

{"HostName":"John-SurfacePro","VendorID":"0801","ProductID":"0001","VendorName":"Mag-Tek","ProductName":"USB Swipe Reader","DescriptSN":"B164F78","BusNumber":"1","BusAddress":"9","USBSpec":"1.10","USBClass":"per-interface","USBSubclass":"per-interface","USBProtocol":"0","DeviceSpeed":"full","DeviceVer":"1.00","MaxPktSize":"8"}

<DeviceInfo><HostName>John-SurfacePro</HostName><VendorID>0801</VendorID><ProductID>0001</ProductID><VendorName>Mag-Tek</VendorName><ProductName>USB Swipe Reader</ProductName><DescriptSN>B164F78</DescriptSN><BusNumber>1</BusNumber><BusAddress>9</BusAddress><USBSpec>1.10</USBSpec><USBClass>per-interface</USBClass><USBSubclass>per-interface</USBSubclass><USBProtocol>0</USBProtocol><DeviceSpeed>full</DeviceSpeed><DeviceVer>1.00</DeviceVer><MaxPktSize>8</MaxPktSize></DeviceInfo>

<DeviceInfo>
        <HostName>John-SurfacePro</HostName>
        <VendorID>0801</VendorID>
        <ProductID>0001</ProductID>
        <VendorName>Mag-Tek</VendorName>
        <ProductName>USB Swipe Reader</ProductName>
        <DescriptSN>B164F78</DescriptSN>
        <BusNumber>1</BusNumber>
        <BusAddress>9</BusAddress>
        <USBSpec>1.10</USBSpec>
        <USBClass>per-interface</USBClass>
        <USBSubclass>per-interface</USBSubclass>
        <USBProtocol>0</USBProtocol>
        <DeviceSpeed>full</DeviceSpeed>
        <DeviceVer>1.00</DeviceVer>
        <MaxPktSize>8</MaxPktSize>
</DeviceInfo>
